{"label":"hotels api","level":"info","message":"GET /hotels","timestamp":"2024-03-29T15:29:00.988Z"}
{"label":"hotels api","level":"error","message":"undefined - Missing fields or invalid dataError Details: [\n  {\n    \"type\": \"field\",\n    \"msg\": \"name is required\",\n    \"path\": \"phone\",\n    \"location\": \"body\"\n  },\n  {\n    \"type\": \"field\",\n    \"msg\": \"name is required\",\n    \"path\": \"phone\",\n    \"location\": \"body\"\n  }\n] - POST ","timestamp":"2024-03-29T15:30:04.434Z"}
{"label":"hotels api","level":"error","message":"undefined - req is not defined - GET ","timestamp":"2024-03-29T16:19:27.770Z"}
{"label":"hotels api","level":"error","message":"undefined - req is not defined - GET ","timestamp":"2024-03-29T16:19:44.482Z"}
{"label":"hotels api","level":"info","message":"GET /hotels","timestamp":"2024-03-29T16:23:16.492Z"}
{"label":"hotels api","level":"info","message":"GET /hotels","timestamp":"2024-03-29T16:23:36.875Z"}
{"label":"hotels api","level":"info","message":"GET /hotels","timestamp":"2024-03-29T16:24:53.615Z"}
{"label":"hotels api","level":"info","message":"GET /hotels","timestamp":"2024-03-29T16:25:02.832Z"}
{"label":"hotels api","level":"error","message":"undefined - cache is not defined - GET ","timestamp":"2024-03-29T16:39:21.889Z"}
{"label":"hotels api","level":"error","message":"undefined - cache is not defined - GET ","timestamp":"2024-03-29T16:43:02.087Z"}
{"label":"hotels api","level":"error","message":"undefined - cache is not defined - GET ","timestamp":"2024-03-29T16:48:38.909Z"}
{"label":"hotels api","level":"error","message":"undefined - cache is not defined - GET ","timestamp":"2024-03-29T16:49:06.814Z"}
{"label":"hotels api","level":"error","message":"undefined - cache is not defined - GET ","timestamp":"2024-03-29T16:55:23.503Z"}
{"label":"hotels api","level":"error","message":"undefined - cache is not defined - GET ","timestamp":"2024-03-29T16:57:29.281Z"}
{"label":"hotels api","level":"error","message":"undefined - cache is not defined - GET ","timestamp":"2024-03-29T17:02:50.263Z"}
{"label":"hotels api","level":"error","message":"undefined - WHERE parameter \"email\" has invalid \"undefined\" value - POST ","timestamp":"2024-04-11T13:21:21.850Z"}
{"label":"hotels api","level":"error","message":"undefined - WHERE parameter \"email\" has invalid \"undefined\" value - POST ","timestamp":"2024-04-11T13:21:29.555Z"}
{"label":"hotels api","level":"error","message":"undefined - WHERE parameter \"email\" has invalid \"undefined\" value - POST ","timestamp":"2024-04-11T13:21:30.429Z"}
{"label":"hotels api","level":"error","message":"undefined - relation \"users\" does not exist - POST ","timestamp":"2024-04-11T13:21:55.677Z"}
{"label":"hotels api","level":"error","message":"undefined - relation \"users\" does not exist - POST ","timestamp":"2024-04-11T13:27:19.077Z"}
{"label":"hotels api","level":"error","message":"undefined - relation \"users\" does not exist - POST ","timestamp":"2024-04-11T13:33:14.133Z"}
{"label":"hotels api","level":"error","message":"undefined - relation \"users\" does not exist - POST ","timestamp":"2024-04-11T13:36:17.641Z"}
{"label":"hotels api","level":"error","message":"undefined - column \"user_id\" does not exist - POST ","timestamp":"2024-04-11T13:40:58.433Z"}
